  main.cpp
e:\codeworkspace\visual studio 2013\ll1\ll1\graph.h(77): warning C4018: “<”: 有符号/无符号不匹配
e:\codeworkspace\visual studio 2013\ll1\ll1\graph.h(102): warning C4018: “<”: 有符号/无符号不匹配
e:\codeworkspace\visual studio 2013\ll1\ll1\graph.h(125): warning C4018: “<”: 有符号/无符号不匹配
e:\codeworkspace\visual studio 2013\ll1\ll1\graph.h(153): warning C4018: “<”: 有符号/无符号不匹配
e:\codeworkspace\visual studio 2013\ll1\ll1\graph.h(156): warning C4018: “<”: 有符号/无符号不匹配
e:\codeworkspace\visual studio 2013\ll1\ll1\graph.h(171): warning C4018: “<”: 有符号/无符号不匹配
e:\codeworkspace\visual studio 2013\ll1\ll1\graph.h(180): warning C4018: “<”: 有符号/无符号不匹配
e:\codeworkspace\visual studio 2013\ll1\ll1\graph.h(186): warning C4018: “<”: 有符号/无符号不匹配
e:\codeworkspace\visual studio 2013\ll1\ll1\graph.h(199): warning C4018: “<”: 有符号/无符号不匹配
e:\codeworkspace\visual studio 2013\ll1\ll1\graph.h(208): warning C4018: “<”: 有符号/无符号不匹配
e:\codeworkspace\visual studio 2013\ll1\ll1\graph.h(212): warning C4018: “<”: 有符号/无符号不匹配
e:\codeworkspace\visual studio 2013\ll1\ll1\graph.h(227): warning C4018: “<”: 有符号/无符号不匹配
e:\codeworkspace\visual studio 2013\ll1\ll1\graph.h(229): warning C4018: “<”: 有符号/无符号不匹配
e:\codeworkspace\visual studio 2013\ll1\ll1\graph.h(237): warning C4018: “<”: 有符号/无符号不匹配
e:\codeworkspace\visual studio 2013\ll1\ll1\graph.h(238): warning C4018: “<”: 有符号/无符号不匹配
e:\codeworkspace\visual studio 2013\ll1\ll1\graph.h(244): warning C4018: “<”: 有符号/无符号不匹配
e:\codeworkspace\visual studio 2013\ll1\ll1\graph.h(248): warning C4018: “<”: 有符号/无符号不匹配
e:\codeworkspace\visual studio 2013\ll1\ll1\graph.h(290): warning C4018: “<”: 有符号/无符号不匹配
e:\codeworkspace\visual studio 2013\ll1\ll1\graph.h(293): warning C4018: “<”: 有符号/无符号不匹配
e:\codeworkspace\visual studio 2013\ll1\ll1\graph.h(297): warning C4018: “<”: 有符号/无符号不匹配
e:\codeworkspace\visual studio 2013\ll1\ll1\graph.h(312): warning C4018: “<”: 有符号/无符号不匹配
e:\codeworkspace\visual studio 2013\ll1\ll1\graph.h(323): warning C4018: “<”: 有符号/无符号不匹配
e:\codeworkspace\visual studio 2013\ll1\ll1\graph.h(348): warning C4018: “<=”: 有符号/无符号不匹配
e:\codeworkspace\visual studio 2013\ll1\ll1\graph.h(373): warning C4018: “<”: 有符号/无符号不匹配
e:\codeworkspace\visual studio 2013\ll1\ll1\graph.h(381): warning C4018: “<”: 有符号/无符号不匹配
e:\codeworkspace\visual studio 2013\ll1\ll1\graph.h(393): warning C4018: “<”: 有符号/无符号不匹配
e:\codeworkspace\visual studio 2013\ll1\ll1\graph.h(405): warning C4018: “<”: 有符号/无符号不匹配
e:\codeworkspace\visual studio 2013\ll1\ll1\graph.h(408): warning C4018: “<”: 有符号/无符号不匹配
e:\codeworkspace\visual studio 2013\ll1\ll1\graph.h(409): warning C4018: “<”: 有符号/无符号不匹配
e:\codeworkspace\visual studio 2013\ll1\ll1\graph.h(421): warning C4018: “<”: 有符号/无符号不匹配
e:\codeworkspace\visual studio 2013\ll1\ll1\graph.h(425): warning C4018: “<”: 有符号/无符号不匹配
e:\codeworkspace\visual studio 2013\ll1\ll1\graph.h(436): warning C4018: “<”: 有符号/无符号不匹配
e:\codeworkspace\visual studio 2013\ll1\ll1\graph.h(440): warning C4018: “<”: 有符号/无符号不匹配
e:\codeworkspace\visual studio 2013\ll1\ll1\graph.h(452): warning C4018: “<”: 有符号/无符号不匹配
e:\codeworkspace\visual studio 2013\ll1\ll1\graph.h(454): warning C4018: “<”: 有符号/无符号不匹配
e:\codeworkspace\visual studio 2013\ll1\ll1\graph.h(456): warning C4018: “<”: 有符号/无符号不匹配
e:\codeworkspace\visual studio 2013\ll1\ll1\graph.h(463): warning C4018: “<”: 有符号/无符号不匹配
e:\codeworkspace\visual studio 2013\ll1\ll1\graph.h(464): warning C4018: “<”: 有符号/无符号不匹配
e:\codeworkspace\visual studio 2013\ll1\ll1\graph.h(470): warning C4018: “<”: 有符号/无符号不匹配
e:\codeworkspace\visual studio 2013\ll1\ll1\graph.h(478): warning C4018: “<”: 有符号/无符号不匹配
e:\codeworkspace\visual studio 2013\ll1\ll1\graph.h(481): warning C4018: “<”: 有符号/无符号不匹配
e:\codeworkspace\visual studio 2013\ll1\ll1\ffsetcalculator.h(24): warning C4018: “<”: 有符号/无符号不匹配
e:\codeworkspace\visual studio 2013\ll1\ll1\ffsetcalculator.h(25): warning C4018: “<”: 有符号/无符号不匹配
e:\codeworkspace\visual studio 2013\ll1\ll1\ffsetcalculator.h(37): warning C4018: “<”: 有符号/无符号不匹配
e:\codeworkspace\visual studio 2013\ll1\ll1\ffsetcalculator.h(38): warning C4018: “<”: 有符号/无符号不匹配
e:\codeworkspace\visual studio 2013\ll1\ll1\ffsetcalculator.h(56): warning C4018: “<”: 有符号/无符号不匹配
e:\codeworkspace\visual studio 2013\ll1\ll1\ffsetcalculator.h(59): warning C4018: “<”: 有符号/无符号不匹配
e:\codeworkspace\visual studio 2013\ll1\ll1\ffsetcalculator.h(66): warning C4018: “<”: 有符号/无符号不匹配
e:\codeworkspace\visual studio 2013\ll1\ll1\ffsetcalculator.h(67): warning C4018: “<”: 有符号/无符号不匹配
e:\codeworkspace\visual studio 2013\ll1\ll1\ffsetcalculator.h(86): warning C4018: “<”: 有符号/无符号不匹配
e:\codeworkspace\visual studio 2013\ll1\ll1\ffsetcalculator.h(87): warning C4018: “<”: 有符号/无符号不匹配
e:\codeworkspace\visual studio 2013\ll1\ll1\ffsetcalculator.h(100): warning C4018: “<”: 有符号/无符号不匹配
e:\codeworkspace\visual studio 2013\ll1\ll1\ffsetcalculator.h(102): warning C4018: “<”: 有符号/无符号不匹配
e:\codeworkspace\visual studio 2013\ll1\ll1\ffsetcalculator.h(116): warning C4018: “<”: 有符号/无符号不匹配
e:\codeworkspace\visual studio 2013\ll1\ll1\ffsetcalculator.h(119): warning C4018: “<”: 有符号/无符号不匹配
e:\codeworkspace\visual studio 2013\ll1\ll1\ffsetcalculator.h(133): warning C4018: “<”: 有符号/无符号不匹配
e:\codeworkspace\visual studio 2013\ll1\ll1\ffsetcalculator.h(134): warning C4018: “<”: 有符号/无符号不匹配
e:\codeworkspace\visual studio 2013\ll1\ll1\ffsetcalculator.h(137): warning C4018: “<”: 有符号/无符号不匹配
e:\codeworkspace\visual studio 2013\ll1\ll1\ffsetcalculator.h(144): warning C4018: “<”: 有符号/无符号不匹配
e:\codeworkspace\visual studio 2013\ll1\ll1\ffsetcalculator.h(169): warning C4018: “<”: 有符号/无符号不匹配
e:\codeworkspace\visual studio 2013\ll1\ll1\ffsetcalculator.h(173): warning C4018: “<”: 有符号/无符号不匹配
e:\codeworkspace\visual studio 2013\ll1\ll1\ffsetcalculator.h(190): warning C4018: “<”: 有符号/无符号不匹配
e:\codeworkspace\visual studio 2013\ll1\ll1\ffsetcalculator.h(192): warning C4018: “<”: 有符号/无符号不匹配
e:\codeworkspace\visual studio 2013\ll1\ll1\analyser.h(37): warning C4018: “<”: 有符号/无符号不匹配
e:\codeworkspace\visual studio 2013\ll1\ll1\analyser.h(159): warning C4018: “<”: 有符号/无符号不匹配
e:\codeworkspace\visual studio 2013\ll1\ll1\main.cpp(28): warning C4566: 由通用字符名称“\u2205”表示的字符不能在当前代码页(936)中表示出来
e:\codeworkspace\visual studio 2013\ll1\ll1\main.cpp(40): warning C4566: 由通用字符名称“\u2205”表示的字符不能在当前代码页(936)中表示出来
  LL1.vcxproj -> E:\codeWorkSpace\Visual Studio 2013\LL1\Debug\LL1.exe
